Arguments: 
  /usr/bin/node /usr/share/yarn/bin/yarn.js init

PATH: 
  /usr/local/sbin:/usr/local/bin:/usr/sbin:/usr/bin:/sbin:/bin:/usr/games:/usr/local/games:/snap/bin

Yarn version: 
  1.21.1

Node version: 
  12.14.1

Platform: 
  linux x64

Trace: 
  Error: canceled
      at Interface.<anonymous> (/usr/share/yarn/lib/cli.js:136925:13)
      at Interface.emit (events.js:223:5)
      at Interface._ttyWrite (readline.js:885:16)
      at ReadStream.onkeypress (readline.js:191:10)
      at ReadStream.emit (events.js:223:5)
      at emitKeys (internal/readline/utils.js:433:14)
      at emitKeys.next (<anonymous>)
      at ReadStream.onData (readline.js:1151:36)
      at ReadStream.emit (events.js:223:5)
      at addChunk (_stream_readable.js:309:12)

npm manifest: 
  {
    "name": "site_eleve",
    "version": "1.0.0",
    "description": "O aplicativo e-Leve conecta pontos de coletas de lixo eletrônico à oficinas de remontagem. ",
    "main": "index.js",
    "scripts": {
      "test": "echo \"Error: no test specified\" && exit 1"
    },
    "repository": {
      "type": "git",
      "url": "git+https://github.com/antonialucianapires/site_eLeve.git"
    },
    "keywords": [
      "reciclagem",
      "lixo",
      "eletronico",
      "futuro",
      "tecnologia",
      "sustentabilidade",
      "educacao"
    ],
    "author": "Antonia Luciana Pires da Silva",
    "license": "ISC",
    "bugs": {
      "url": "https://github.com/antonialucianapires/site_eLeve/issues"
    },
    "homepage": "https://github.com/antonialucianapires/site_eLeve#readme",
    "dependencies": {
      "create-react-app": "^3.3.0"
    }
  }

yarn manifest: 
  No manifest

Lockfile: 
  No lockfile
